#
# There is insufficient memory for the Java Runtime Environment to continue.
# Native memory allocation (malloc) failed to allocate 1504976 bytes. Error detail: Chunk::new
# Possible reasons:
#   The system is out of physical RAM or swap space
#   This process is running with CompressedOops enabled, and the Java Heap may be blocking the growth of the native heap
# Possible solutions:
#   Reduce memory load on the system
#   Increase physical memory or swap space
#   Check if swap backing store is full
#   Decrease Java heap size (-Xmx/-Xms)
#   Decrease number of Java threads
#   Decrease Java thread stack sizes (-Xss)
#   Set larger code cache with -XX:ReservedCodeCacheSize=
#   JVM is running with Unscaled Compressed Oops mode in which the Java heap is
#     placed in the first 4GB address space. The Java Heap base address is the
#     maximum limit for the native heap growth. Please use -XX:HeapBaseMinAddress
#     to set the Java Heap base and to place the Java Heap above 4GB virtual address.
# This output file may be truncated or incomplete.
#
#  Out of Memory Error (arena.cpp:168), pid=25516, tid=4888
#
# JRE version: OpenJDK Runtime Environment Temurin-21.0.9+10 (21.0.9+10) (build 21.0.9+10-LTS)
# Java VM: OpenJDK 64-Bit Server VM Temurin-21.0.9+10 (21.0.9+10-LTS, mixed mode, sharing, tiered, compressed oops, compressed class ptrs, parallel gc, windows-amd64)
# No core dump will be written. Minidumps are not enabled by default on client versions of Windows
#

---------------  S U M M A R Y ------------

Command Line: --add-modules=ALL-SYSTEM --add-opens=java.base/java.util=ALL-UNNAMED --add-opens=java.base/java.lang=ALL-UNNAMED --add-opens=java.base/sun.nio.fs=ALL-UNNAMED -Declipse.application=org.eclipse.jdt.ls.core.id1 -Dosgi.bundles.defaultStartLevel=4 -Declipse.product=org.eclipse.jdt.ls.core.product -Djava.import.generatesMetadataFilesAtProjectRoot=false -DDetectVMInstallationsJob.disabled=true -Dfile.encoding=utf8 -XX:+UseParallelGC -XX:GCTimeRatio=4 -XX:AdaptiveSizePolicyWeight=90 -Dsun.zip.disableMemoryMapping=true -Xmx2G -Xms100m -Xlog:disable -javaagent:c:\Users\Admin\.vscode\extensions\redhat.java-1.50.0-win32-x64\lombok\lombok-1.18.39-4050.jar c:\Users\Admin\.vscode\extensions\redhat.java-1.50.0-win32-x64\server\plugins\org.eclipse.equinox.launcher_1.7.100.v20251111-0406.jar -configuration c:\Users\Admin\AppData\Roaming\Code\User\globalStorage\redhat.java\1.50.0\config_ss_win -data c:\Users\Admin\AppData\Roaming\Code\User\workspaceStorage\1d2c6281cdc3dfe27a58eb4e9d1d3d2b\redhat.java\ss_ws --pipe=\\.\pipe\lsp-e0ec2af521fac9692c687373a98d1158-sock

Host: AMD Ryzen 5 3450U with Radeon Vega Mobile Gfx  , 8 cores, 5G,  Windows 11 , 64 bit Build 26100 (10.0.26100.7019)
Time: Sun Nov 30 19:16:56 2025 India Standard Time elapsed time: 27.586421 seconds (0d 0h 0m 27s)

---------------  T H R E A D  ---------------

Current thread (0x000002ec265badc0):  JavaThread "C2 CompilerThread0" daemon [_thread_in_native, id=4888, stack(0x000000f815d00000,0x000000f815e00000) (1024K)]


Current CompileTask:
C2:27586 2636       4       java.lang.invoke.MethodType::makeImpl (109 bytes)

Stack: [0x000000f815d00000,0x000000f815e00000]
Native frames: (J=compiled Java code, j=interpreted, Vv=VM code, C=native code)
V  [jvm.dll+0x6d6e29]
V  [jvm.dll+0x8b4b76]
V  [jvm.dll+0x8b712e]
V  [jvm.dll+0x8b7813]
V  [jvm.dll+0x283d86]
V  [jvm.dll+0xc66ed]
V  [jvm.dll+0xc6c31]
V  [jvm.dll+0x3be501]
V  [jvm.dll+0x38ab92]
V  [jvm.dll+0x389fda]
V  [jvm.dll+0x24bfa0]
V  [jvm.dll+0x24b580]
V  [jvm.dll+0x1cb13e]
V  [jvm.dll+0x25b29d]
V  [jvm.dll+0x25982a]
V  [jvm.dll+0x3f7ea6]
V  [jvm.dll+0x85e9ad]
V  [jvm.dll+0x6d565d]
C  [ucrtbase.dll+0x37b0]
C  [KERNEL32.DLL+0x2e8d7]
C  [ntdll.dll+0x8c53c]


---------------  P R O C E S S  ---------------

Threads class SMR info:
_java_thread_list=0x000002ec6db36710, length=20, elements={
0x000002ec0fb2ce20, 0x000002ec2659cb70, 0x000002ec2659f140, 0x000002ec265a2ca0,
0x000002ec265a5800, 0x000002ec265a6250, 0x000002ec265ad230, 0x000002ec265badc0,
0x000002ec265be7a0, 0x000002ec6d171bb0, 0x000002ec6d2fecc0, 0x000002ec6d789030,
0x000002ec6d9d4440, 0x000002ec6d7fc510, 0x000002ec6d18fe60, 0x000002ec6ded50e0,
0x000002ec6e260430, 0x000002ec6e260a90, 0x000002ec6d546c70, 0x000002ec6d2b1930
}

Java Threads: ( => current thread )
  0x000002ec0fb2ce20 JavaThread "main"                              [_thread_blocked, id=24672, stack(0x000000f815300000,0x000000f815400000) (1024K)]
  0x000002ec2659cb70 JavaThread "Reference Handler"          daemon [_thread_blocked, id=24872, stack(0x000000f815700000,0x000000f815800000) (1024K)]
  0x000002ec2659f140 JavaThread "Finalizer"                  daemon [_thread_blocked, id=24604, stack(0x000000f815800000,0x000000f815900000) (1024K)]
  0x000002ec265a2ca0 JavaThread "Signal Dispatcher"          daemon [_thread_blocked, id=24608, stack(0x000000f815900000,0x000000f815a00000) (1024K)]
  0x000002ec265a5800 JavaThread "Attach Listener"            daemon [_thread_blocked, id=24612, stack(0x000000f815a00000,0x000000f815b00000) (1024K)]
  0x000002ec265a6250 JavaThread "Service Thread"             daemon [_thread_blocked, id=10448, stack(0x000000f815b00000,0x000000f815c00000) (1024K)]
  0x000002ec265ad230 JavaThread "Monitor Deflation Thread"   daemon [_thread_blocked, id=5136, stack(0x000000f815c00000,0x000000f815d00000) (1024K)]
=>0x000002ec265badc0 JavaThread "C2 CompilerThread0"         daemon [_thread_in_native, id=4888, stack(0x000000f815d00000,0x000000f815e00000) (1024K)]
  0x000002ec265be7a0 JavaThread "C1 CompilerThread0"         daemon [_thread_blocked, id=24884, stack(0x000000f815e00000,0x000000f815f00000) (1024K)]
  0x000002ec6d171bb0 JavaThread "Common-Cleaner"             daemon [_thread_blocked, id=25052, stack(0x000000f815f00000,0x000000f816000000) (1024K)]
  0x000002ec6d2fecc0 JavaThread "Notification Thread"        daemon [_thread_blocked, id=25068, stack(0x000000f816000000,0x000000f816100000) (1024K)]
  0x000002ec6d789030 JavaThread "Active Thread: Equinox Container: d230fd6d-06cb-4767-98f0-54ba56307a85"        [_thread_blocked, id=24676, stack(0x000000f816100000,0x000000f816200000) (1024K)]
  0x000002ec6d9d4440 JavaThread "Framework Event Dispatcher: Equinox Container: d230fd6d-06cb-4767-98f0-54ba56307a85" daemon [_thread_blocked, id=16880, stack(0x000000f816800000,0x000000f816900000) (1024K)]
  0x000002ec6d7fc510 JavaThread "Start Level: Equinox Container: d230fd6d-06cb-4767-98f0-54ba56307a85" daemon [_thread_in_native, id=8740, stack(0x000000f816900000,0x000000f816a00000) (1024K)]
  0x000002ec6d18fe60 JavaThread "SCR Component Actor"        daemon [_thread_blocked, id=25320, stack(0x000000f816b00000,0x000000f816c00000) (1024K)]
  0x000002ec6ded50e0 JavaThread "Worker-JM"                         [_thread_blocked, id=24900, stack(0x000000f816c00000,0x000000f816d00000) (1024K)]
  0x000002ec6e260430 JavaThread "JNA Cleaner"                daemon [_thread_blocked, id=19152, stack(0x000000f816d00000,0x000000f816e00000) (1024K)]
  0x000002ec6e260a90 JavaThread "Worker-0"                          [_thread_blocked, id=15768, stack(0x000000f816e00000,0x000000f816f00000) (1024K)]
  0x000002ec6d546c70 JavaThread "Worker-1"                          [_thread_blocked, id=25368, stack(0x000000f816f00000,0x000000f817000000) (1024K)]
  0x000002ec6d2b1930 JavaThread "Worker-2"                          [_thread_blocked, id=22548, stack(0x000000f817000000,0x000000f817100000) (1024K)]
Total: 20

Other Threads:
  0x000002ec26582680 VMThread "VM Thread"                           [id=7256, stack(0x000000f815600000,0x000000f815700000) (1024K)]
  0x000002ec264bba00 WatcherThread "VM Periodic Task Thread"        [id=24848, stack(0x000000f815500000,0x000000f815600000) (1024K)]
  0x000002ec0fb4b280 WorkerThread "GC Thread#0"                     [id=24976, stack(0x000000f815400000,0x000000f815500000) (1024K)]
  0x000002ec6d642ba0 WorkerThread "GC Thread#1"                     [id=24880, stack(0x000000f816200000,0x000000f816300000) (1024K)]
  0x000002ec6d642f40 WorkerThread "GC Thread#2"                     [id=24980, stack(0x000000f816300000,0x000000f816400000) (1024K)]
  0x000002ec6d79e880 WorkerThread "GC Thread#3"                     [id=1084, stack(0x000000f816400000,0x000000f816500000) (1024K)]
  0x000002ec6d79ec20 WorkerThread "GC Thread#4"                     [id=24056, stack(0x000000f816500000,0x000000f816600000) (1024K)]
  0x000002ec6d79efc0 WorkerThread "GC Thread#5"                     [id=19608, stack(0x000000f816600000,0x000000f816700000) (1024K)]
  0x000002ec6d32bfb0 WorkerThread "GC Thread#6"                     [id=19704, stack(0x000000f816700000,0x000000f816800000) (1024K)]
  0x000002ec6d32bc10 WorkerThread "GC Thread#7"                     [id=24480, stack(0x000000f816a00000,0x000000f816b00000) (1024K)]
Total: 10

Threads with active compile tasks:
C2 CompilerThread0  27657 2636       4       java.lang.invoke.MethodType::makeImpl (109 bytes)
Total: 1

VM state: not at safepoint (normal execution)

VM Mutex/Monitor currently owned by a thread: None

Heap address: 0x0000000080000000, size: 2048 MB, Compressed Oops mode: 32-bit

CDS archive(s) mapped at: [0x000002ec27000000-0x000002ec27ba0000-0x000002ec27ba0000), size 12189696, SharedBaseAddress: 0x000002ec27000000, ArchiveRelocationMode: 1.
Compressed class space mapped at: 0x000002ec28000000-0x000002ec68000000, reserved size: 1073741824
Narrow klass base: 0x000002ec27000000, Narrow klass shift: 0, Narrow klass range: 0x100000000

GC Precious Log:
 CardTable entry size: 512
 CPUs: 8 total, 8 available
 Memory: 6086M
 Large Page Support: Disabled
 NUMA Support: Disabled
 Compressed Oops: Enabled (32-bit)
 Alignments: Space 512K, Generation 512K, Heap 2M
 Heap Min Capacity: 100M
 Heap Initial Capacity: 100M
 Heap Max Capacity: 2G
 Pre-touch: Disabled
 Parallel Workers: 8

Heap:
 PSYoungGen      total 29696K, used 15563K [0x00000000d5580000, 0x00000000d7680000, 0x0000000100000000)
  eden space 25600K, 44% used [0x00000000d5580000,0x00000000d60b4258,0x00000000d6e80000)
  from space 4096K, 99% used [0x00000000d7280000,0x00000000d767eb20,0x00000000d7680000)
  to   space 4096K, 0% used [0x00000000d6e80000,0x00000000d6e80000,0x00000000d7280000)
 ParOldGen       total 68608K, used 10687K [0x0000000080000000, 0x0000000084300000, 0x00000000d5580000)
  object space 68608K, 15% used [0x0000000080000000,0x0000000080a6fe50,0x0000000084300000)
 Metaspace       used 17277K, committed 17920K, reserved 1114112K
  class space    used 1811K, committed 2112K, reserved 1048576K

Card table byte_map: [0x000002ec0f4e0000,0x000002ec0f8f0000] _byte_map_base: 0x000002ec0f0e0000

Marking Bits: (ParMarkBitMap*) 0x00007ff801462460
 Begin Bits: [0x000002ec21fe0000, 0x000002ec23fe0000)
 End Bits:   [0x000002ec23fe0000, 0x000002ec25fe0000)

Polling page: 0x000002ec0dd20000

Metaspace:

Usage:
  Non-class:     15.10 MB used.
      Class:      1.77 MB used.
       Both:     16.87 MB used.

Virtual space:
  Non-class space:       64.00 MB reserved,      15.44 MB ( 24%) committed,  1 nodes.
      Class space:        1.00 GB reserved,       2.06 MB ( <1%) committed,  1 nodes.
             Both:        1.06 GB reserved,      17.50 MB (  2%) committed. 

Chunk freelists:
   Non-Class:  128.00 KB
       Class:  13.78 MB
        Both:  13.91 MB

MaxMetaspaceSize: unlimited
CompressedClassSpaceSize: 1.00 GB
Initial GC threshold: 21.00 MB
Current GC threshold: 21.00 MB
CDS: on
 - commit_granule_bytes: 65536.
 - commit_granule_words: 8192.
 - virtual_space_node_default_size: 8388608.
 - enlarge_chunks_in_place: 1.
 - use_allocation_guard: 0.


Internal statistics:

num_allocs_failed_limit: 0.
num_arena_births: 500.
num_arena_deaths: 0.
num_vsnodes_births: 2.
num_vsnodes_deaths: 0.
num_space_committed: 280.
num_space_uncommitted: 0.
num_chunks_returned_to_freelist: 0.
num_chunks_taken_from_freelist: 1151.
num_chunk_merges: 0.
num_chunk_splits: 719.
num_chunks_enlarged: 454.
num_inconsistent_stats: 0.

CodeHeap 'non-profiled nmethods': size=120000Kb used=1169Kb max_used=1169Kb free=118830Kb
 bounds [0x000002ec1a800000, 0x000002ec1aa70000, 0x000002ec21d30000]
CodeHeap 'profiled nmethods': size=120000Kb used=5127Kb max_used=5127Kb free=114872Kb
 bounds [0x000002ec12d30000, 0x000002ec13240000, 0x000002ec1a260000]
CodeHeap 'non-nmethods': size=5760Kb used=1273Kb max_used=1302Kb free=4486Kb
 bounds [0x000002ec1a260000, 0x000002ec1a4d0000, 0x000002ec1a800000]
CodeCache: size=245760Kb, used=7569Kb, max_used=7598Kb, free=238188Kb
 total_blobs=3214, nmethods=2665, adapters=455, full_count=0
Compilation: enabled, stopped_count=0, restarted_count=0

Compilation events (20 events):
Event: 26.472 Thread 0x000002ec265be7a0 nmethod 2658 0x000002ec13226790 code [0x000002ec13226f00, 0x000002ec1322b3a0]
Event: 26.472 Thread 0x000002ec265be7a0 2663       3       org.lombokweb.asm.MethodWriter::<init> (232 bytes)
Event: 26.473 Thread 0x000002ec6d2b3570 nmethod 2655 0x000002ec1a921210 code [0x000002ec1a921400, 0x000002ec1a921db0]
Event: 26.473 Thread 0x000002ec6d2b3570 2661       4       org.lombokweb.asm.ClassReader::readUTF8 (23 bytes)
Event: 26.474 Thread 0x000002ec265be7a0 nmethod 2663 0x000002ec1322cf90 code [0x000002ec1322d220, 0x000002ec1322dd78]
Event: 26.474 Thread 0x000002ec265be7a0 2659       3       org.lombokweb.asm.MethodVisitor::<init> (79 bytes)
Event: 26.475 Thread 0x000002ec265be7a0 nmethod 2659 0x000002ec1322e290 code [0x000002ec1322e4e0, 0x000002ec1322ed90]
Event: 26.475 Thread 0x000002ec265be7a0 2660       3       org.lombokweb.asm.MethodWriter::computeMethodInfoSize (571 bytes)
Event: 26.476 Thread 0x000002ec265be7a0 nmethod 2660 0x000002ec1322f090 code [0x000002ec1322f3c0, 0x000002ec13230278]
Event: 26.476 Thread 0x000002ec265be7a0 2662       3       org.lombokweb.asm.ClassWriter::visitMethod (57 bytes)
Event: 26.477 Thread 0x000002ec265be7a0 nmethod 2662 0x000002ec13230910 code [0x000002ec13230ac0, 0x000002ec13230d58]
Event: 26.477 Thread 0x000002ec265be7a0 2664       3       org.lombokweb.asm.MethodVisitor::<init> (7 bytes)
Event: 26.477 Thread 0x000002ec265be7a0 nmethod 2664 0x000002ec13230e90 code [0x000002ec13231040, 0x000002ec13231188]
Event: 26.496 Thread 0x000002ec6d2b3570 nmethod 2661 0x000002ec1a922310 code [0x000002ec1a922500, 0x000002ec1a922f70]
Event: 26.496 Thread 0x000002ec6d2b3570 2644       4       java.util.zip.ZipFile$Source::isMetaName (141 bytes)
Event: 26.499 Thread 0x000002ec6d2b3570 nmethod 2644 0x000002ec1a923590 code [0x000002ec1a923740, 0x000002ec1a923988]
Event: 26.499 Thread 0x000002ec6d2b3570 2645       4       java.util.zip.ZipFile$Source::nextEntryPos (22 bytes)
Event: 26.500 Thread 0x000002ec6d2b3570 nmethod 2645 0x000002ec1a923b90 code [0x000002ec1a923d20, 0x000002ec1a923e80]
Event: 26.529 Thread 0x000002ec6d2b3570 2666       4       java.util.WeakHashMap::hash (28 bytes)
Event: 26.531 Thread 0x000002ec6d2b3570 nmethod 2666 0x000002ec1a924010 code [0x000002ec1a9241a0, 0x000002ec1a9242d8]

GC Heap History (8 events):
Event: 3.883 GC heap before
{Heap before GC invocations=1 (full 0):
 PSYoungGen      total 29696K, used 25600K [0x00000000d5580000, 0x00000000d7680000, 0x0000000100000000)
  eden space 25600K, 100% used [0x00000000d5580000,0x00000000d6e80000,0x00000000d6e80000)
  from space 4096K, 0% used [0x00000000d7280000,0x00000000d7280000,0x00000000d7680000)
  to   space 4096K, 0% used [0x00000000d6e80000,0x00000000d6e80000,0x00000000d7280000)
 ParOldGen       total 68608K, used 0K [0x0000000080000000, 0x0000000084300000, 0x00000000d5580000)
  object space 68608K, 0% used [0x0000000080000000,0x0000000080000000,0x0000000084300000)
 Metaspace       used 4341K, committed 4608K, reserved 1114112K
  class space    used 472K, committed 576K, reserved 1048576K
}
Event: 3.915 GC heap after
{Heap after GC invocations=1 (full 0):
 PSYoungGen      total 29696K, used 3303K [0x00000000d5580000, 0x00000000d7680000, 0x0000000100000000)
  eden space 25600K, 0% used [0x00000000d5580000,0x00000000d5580000,0x00000000d6e80000)
  from space 4096K, 80% used [0x00000000d6e80000,0x00000000d71b9e98,0x00000000d7280000)
  to   space 4096K, 0% used [0x00000000d7280000,0x00000000d7280000,0x00000000d7680000)
 ParOldGen       total 68608K, used 16K [0x0000000080000000, 0x0000000084300000, 0x00000000d5580000)
  object space 68608K, 0% used [0x0000000080000000,0x0000000080004000,0x0000000084300000)
 Metaspace       used 4341K, committed 4608K, reserved 1114112K
  class space    used 472K, committed 576K, reserved 1048576K
}
Event: 17.297 GC heap before
{Heap before GC invocations=2 (full 0):
 PSYoungGen      total 29696K, used 28886K [0x00000000d5580000, 0x00000000d7680000, 0x0000000100000000)
  eden space 25600K, 99% used [0x00000000d5580000,0x00000000d6e7b9a8,0x00000000d6e80000)
  from space 4096K, 80% used [0x00000000d6e80000,0x00000000d71b9e98,0x00000000d7280000)
  to   space 4096K, 0% used [0x00000000d7280000,0x00000000d7280000,0x00000000d7680000)
 ParOldGen       total 68608K, used 16K [0x0000000080000000, 0x0000000084300000, 0x00000000d5580000)
  object space 68608K, 0% used [0x0000000080000000,0x0000000080004000,0x0000000084300000)
 Metaspace       used 8254K, committed 8512K, reserved 1114112K
  class space    used 878K, committed 1024K, reserved 1048576K
}
Event: 17.305 GC heap after
{Heap after GC invocations=2 (full 0):
 PSYoungGen      total 29696K, used 4077K [0x00000000d5580000, 0x00000000d7680000, 0x0000000100000000)
  eden space 25600K, 0% used [0x00000000d5580000,0x00000000d5580000,0x00000000d6e80000)
  from space 4096K, 99% used [0x00000000d7280000,0x00000000d767b670,0x00000000d7680000)
  to   space 4096K, 0% used [0x00000000d6e80000,0x00000000d6e80000,0x00000000d7280000)
 ParOldGen       total 68608K, used 930K [0x0000000080000000, 0x0000000084300000, 0x00000000d5580000)
  object space 68608K, 1% used [0x0000000080000000,0x00000000800e8b28,0x0000000084300000)
 Metaspace       used 8254K, committed 8512K, reserved 1114112K
  class space    used 878K, committed 1024K, reserved 1048576K
}
Event: 22.421 GC heap before
{Heap before GC invocations=3 (full 0):
 PSYoungGen      total 29696K, used 29646K [0x00000000d5580000, 0x00000000d7680000, 0x0000000100000000)
  eden space 25600K, 99% used [0x00000000d5580000,0x00000000d6e782e8,0x00000000d6e80000)
  from space 4096K, 99% used [0x00000000d7280000,0x00000000d767b670,0x00000000d7680000)
  to   space 4096K, 0% used [0x00000000d6e80000,0x00000000d6e80000,0x00000000d7280000)
 ParOldGen       total 68608K, used 930K [0x0000000080000000, 0x0000000084300000, 0x00000000d5580000)
  object space 68608K, 1% used [0x0000000080000000,0x00000000800e8b28,0x0000000084300000)
 Metaspace       used 13039K, committed 13568K, reserved 1114112K
  class space    used 1381K, committed 1600K, reserved 1048576K
}
Event: 22.427 GC heap after
{Heap after GC invocations=3 (full 0):
 PSYoungGen      total 29696K, used 4086K [0x00000000d5580000, 0x00000000d7680000, 0x0000000100000000)
  eden space 25600K, 0% used [0x00000000d5580000,0x00000000d5580000,0x00000000d6e80000)
  from space 4096K, 99% used [0x00000000d6e80000,0x00000000d727daa0,0x00000000d7280000)
  to   space 4096K, 0% used [0x00000000d7280000,0x00000000d7280000,0x00000000d7680000)
 ParOldGen       total 68608K, used 2911K [0x0000000080000000, 0x0000000084300000, 0x00000000d5580000)
  object space 68608K, 4% used [0x0000000080000000,0x00000000802d7ce8,0x0000000084300000)
 Metaspace       used 13039K, committed 13568K, reserved 1114112K
  class space    used 1381K, committed 1600K, reserved 1048576K
}
Event: 25.133 GC heap before
{Heap before GC invocations=4 (full 0):
 PSYoungGen      total 29696K, used 29686K [0x00000000d5580000, 0x00000000d7680000, 0x0000000100000000)
  eden space 25600K, 100% used [0x00000000d5580000,0x00000000d6e80000,0x00000000d6e80000)
  from space 4096K, 99% used [0x00000000d6e80000,0x00000000d727daa0,0x00000000d7280000)
  to   space 4096K, 0% used [0x00000000d7280000,0x00000000d7280000,0x00000000d7680000)
 ParOldGen       total 68608K, used 2911K [0x0000000080000000, 0x0000000084300000, 0x00000000d5580000)
  object space 68608K, 4% used [0x0000000080000000,0x00000000802d7ce8,0x0000000084300000)
 Metaspace       used 15335K, committed 15936K, reserved 1114112K
  class space    used 1623K, committed 1920K, reserved 1048576K
}
Event: 25.144 GC heap after
{Heap after GC invocations=4 (full 0):
 PSYoungGen      total 29696K, used 4090K [0x00000000d5580000, 0x00000000d7680000, 0x0000000100000000)
  eden space 25600K, 0% used [0x00000000d5580000,0x00000000d5580000,0x00000000d6e80000)
  from space 4096K, 99% used [0x00000000d7280000,0x00000000d767eb20,0x00000000d7680000)
  to   space 4096K, 0% used [0x00000000d6e80000,0x00000000d6e80000,0x00000000d7280000)
 ParOldGen       total 68608K, used 10687K [0x0000000080000000, 0x0000000084300000, 0x00000000d5580000)
  object space 68608K, 15% used [0x0000000080000000,0x0000000080a6fe50,0x0000000084300000)
 Metaspace       used 15335K, committed 15936K, reserved 1114112K
  class space    used 1623K, committed 1920K, reserved 1048576K
}

Dll operation events (10 events):
Event: 0.799 Loaded shared library c:\Users\Admin\.vscode\extensions\redhat.java-1.50.0-win32-x64\jre\21.0.9-win32-x86_64\bin\java.dll
Event: 1.531 Loaded shared library c:\Users\Admin\.vscode\extensions\redhat.java-1.50.0-win32-x64\jre\21.0.9-win32-x86_64\bin\zip.dll
Event: 1.659 Loaded shared library C:\Users\Admin\.vscode\extensions\redhat.java-1.50.0-win32-x64\jre\21.0.9-win32-x86_64\bin\instrument.dll
Event: 1.872 Loaded shared library C:\Users\Admin\.vscode\extensions\redhat.java-1.50.0-win32-x64\jre\21.0.9-win32-x86_64\bin\net.dll
Event: 2.060 Loaded shared library C:\Users\Admin\.vscode\extensions\redhat.java-1.50.0-win32-x64\jre\21.0.9-win32-x86_64\bin\nio.dll
Event: 2.078 Loaded shared library C:\Users\Admin\.vscode\extensions\redhat.java-1.50.0-win32-x64\jre\21.0.9-win32-x86_64\bin\zip.dll
Event: 2.177 Loaded shared library C:\Users\Admin\.vscode\extensions\redhat.java-1.50.0-win32-x64\jre\21.0.9-win32-x86_64\bin\jimage.dll
Event: 2.481 Loaded shared library c:\Users\Admin\.vscode\extensions\redhat.java-1.50.0-win32-x64\jre\21.0.9-win32-x86_64\bin\verify.dll
Event: 17.397 Loaded shared library C:\Users\Admin\AppData\Roaming\Code\User\globalStorage\redhat.java\1.50.0\config_ss_win\org.eclipse.equinox.launcher\org.eclipse.equinox.launcher.win32.win32.x86_64_1.2.1400.v20250801-0854\eclipse_11916.dll
Event: 25.057 Loaded shared library C:\Users\Admin\AppData\Local\Temp\jna-63116079\jna6471568945257699854.dll

Deoptimization events (20 events):
Event: 25.390 Thread 0x000002ec6d7fc510 Uncommon trap: trap_request=0xffffff45 fr.pc=0x000002ec1a915cc0 relative=0x0000000000000b00
Event: 25.390 Thread 0x000002ec6d7fc510 Uncommon trap: reason=unstable_if action=reinterpret pc=0x000002ec1a915cc0 method=jdk.internal.org.objectweb.asm.Frame.execute(IILjdk/internal/org/objectweb/asm/Symbol;Ljdk/internal/org/objectweb/asm/SymbolTable;)V @ 1 c2
Event: 25.390 Thread 0x000002ec6d7fc510 DEOPT PACKING pc=0x000002ec1a915cc0 sp=0x000000f8169f7cd0
Event: 25.390 Thread 0x000002ec6d7fc510 DEOPT UNPACKING pc=0x000002ec1a2b3aa2 sp=0x000000f8169f7c58 mode 2
Event: 25.425 Thread 0x000002ec6d7fc510 Uncommon trap: trap_request=0xffffffde fr.pc=0x000002ec1a8ebf94 relative=0x00000000000003b4
Event: 25.425 Thread 0x000002ec6d7fc510 Uncommon trap: reason=class_check action=maybe_recompile pc=0x000002ec1a8ebf94 method=java.util.regex.Pattern$BmpCharPropertyGreedy.match(Ljava/util/regex/Matcher;ILjava/lang/CharSequence;)Z @ 70 c2
Event: 25.425 Thread 0x000002ec6d7fc510 DEOPT PACKING pc=0x000002ec1a8ebf94 sp=0x000000f8169f3110
Event: 25.425 Thread 0x000002ec6d7fc510 DEOPT UNPACKING pc=0x000002ec1a2b3aa2 sp=0x000000f8169f30b8 mode 2
Event: 25.425 Thread 0x000002ec6d7fc510 Uncommon trap: trap_request=0xffffffde fr.pc=0x000002ec1a8ebf94 relative=0x00000000000003b4
Event: 25.425 Thread 0x000002ec6d7fc510 Uncommon trap: reason=class_check action=maybe_recompile pc=0x000002ec1a8ebf94 method=java.util.regex.Pattern$BmpCharPropertyGreedy.match(Ljava/util/regex/Matcher;ILjava/lang/CharSequence;)Z @ 70 c2
Event: 25.425 Thread 0x000002ec6d7fc510 DEOPT PACKING pc=0x000002ec1a8ebf94 sp=0x000000f8169f2f60
Event: 25.425 Thread 0x000002ec6d7fc510 DEOPT UNPACKING pc=0x000002ec1a2b3aa2 sp=0x000000f8169f2f08 mode 2
Event: 25.425 Thread 0x000002ec6d7fc510 Uncommon trap: trap_request=0xffffffde fr.pc=0x000002ec1a8ebf94 relative=0x00000000000003b4
Event: 25.426 Thread 0x000002ec6d7fc510 Uncommon trap: reason=class_check action=maybe_recompile pc=0x000002ec1a8ebf94 method=java.util.regex.Pattern$BmpCharPropertyGreedy.match(Ljava/util/regex/Matcher;ILjava/lang/CharSequence;)Z @ 70 c2
Event: 25.426 Thread 0x000002ec6d7fc510 DEOPT PACKING pc=0x000002ec1a8ebf94 sp=0x000000f8169f3120
Event: 25.426 Thread 0x000002ec6d7fc510 DEOPT UNPACKING pc=0x000002ec1a2b3aa2 sp=0x000000f8169f30c8 mode 2
Event: 25.426 Thread 0x000002ec6d7fc510 Uncommon trap: trap_request=0xffffffde fr.pc=0x000002ec1a8ebf94 relative=0x00000000000003b4
Event: 25.426 Thread 0x000002ec6d7fc510 Uncommon trap: reason=class_check action=maybe_recompile pc=0x000002ec1a8ebf94 method=java.util.regex.Pattern$BmpCharPropertyGreedy.match(Ljava/util/regex/Matcher;ILjava/lang/CharSequence;)Z @ 70 c2
Event: 25.426 Thread 0x000002ec6d7fc510 DEOPT PACKING pc=0x000002ec1a8ebf94 sp=0x000000f8169f2f70
Event: 25.426 Thread 0x000002ec6d7fc510 DEOPT UNPACKING pc=0x000002ec1a2b3aa2 sp=0x000000f8169f2f18 mode 2

Classes loaded (20 events):
Event: 25.287 Loading class java/util/concurrent/atomic/Striped64$1
Event: 25.287 Loading class java/util/concurrent/atomic/Striped64$1 done
Event: 25.395 Loading class java/util/Collections$UnmodifiableSortedSet
Event: 25.396 Loading class java/util/Collections$UnmodifiableSortedSet done
Event: 25.407 Loading class java/util/zip/GZIPInputStream
Event: 25.408 Loading class java/util/zip/GZIPInputStream done
Event: 25.409 Loading class java/util/zip/GZIPOutputStream
Event: 25.410 Loading class java/util/zip/GZIPOutputStream done
Event: 25.415 Loading class java/io/StringReader
Event: 25.415 Loading class java/io/StringReader done
Event: 26.501 Loading class java/net/SocketTimeoutException
Event: 26.501 Loading class java/io/InterruptedIOException
Event: 26.501 Loading class java/io/InterruptedIOException done
Event: 26.501 Loading class java/net/SocketTimeoutException done
Event: 26.501 Loading class java/net/SocketException
Event: 26.502 Loading class java/net/SocketException done
Event: 26.502 Loading class java/net/UnknownHostException
Event: 26.502 Loading class java/net/UnknownHostException done
Event: 26.502 Loading class java/net/ProtocolException
Event: 26.502 Loading class java/net/ProtocolException done

Classes unloaded (0 events):
No events

Classes redefined (0 events):
No events

Internal exceptions (20 events):
Event: 25.113 Thread 0x000002ec6d7fc510 Exception <a 'java/lang/NoSuchMethodError'{0x00000000d6de88e8}: 'void java.lang.invoke.DirectMethodHandle$Holder.invokeSpecial(java.lang.Object, java.lang.Object, java.lang.Object, int)'> (0x00000000d6de88e8) 
thrown [s\src\hotspot\share\interpreter\linkResolver.cpp, line 773]
Event: 25.114 Thread 0x000002ec6d7fc510 Exception <a 'java/lang/NoSuchMethodError'{0x00000000d6dec278}: 'void java.lang.invoke.DelegatingMethodHandle$Holder.reinvoke_L(java.lang.Object, java.lang.Object, int)'> (0x00000000d6dec278) 
thrown [s\src\hotspot\share\interpreter\linkResolver.cpp, line 773]
Event: 25.115 Thread 0x000002ec6d7fc510 Exception <a 'java/lang/NoSuchMethodError'{0x00000000d6df2f60}: 'int java.lang.invoke.Invokers$Holder.invokeExact_MT(java.lang.Object, java.lang.Object, java.lang.Object)'> (0x00000000d6df2f60) 
thrown [s\src\hotspot\share\interpreter\linkResolver.cpp, line 773]
Event: 25.165 Thread 0x000002ec6d7fc510 Exception <a 'java/lang/NoSuchMethodError'{0x00000000d5605578}: 'void java.lang.invoke.Invokers$Holder.invokeExact_MT(java.lang.Object, java.lang.Object, int, java.lang.Object)'> (0x00000000d5605578) 
thrown [s\src\hotspot\share\interpreter\linkResolver.cpp, line 773]
Event: 25.205 Thread 0x000002ec6d7fc510 Exception <a 'java/lang/NoSuchMethodError'{0x00000000d5736a58}: 'java.lang.Object java.lang.invoke.DirectMethodHandle$Holder.invokeSpecial(java.lang.Object, java.lang.Object, java.lang.Object, long, java.lang.Object)'> (0x00000000d5736a58) 
thrown [s\src\hotspot\share\interpreter\linkResolver.cpp, line 773]
Event: 25.206 Thread 0x000002ec6d7fc510 Exception <a 'java/lang/NoSuchMethodError'{0x00000000d573e2a0}: 'java.lang.Object java.lang.invoke.DirectMethodHandle$Holder.newInvokeSpecial(java.lang.Object, java.lang.Object, java.lang.Object, long)'> (0x00000000d573e2a0) 
thrown [s\src\hotspot\share\interpreter\linkResolver.cpp, line 773]
Event: 25.206 Thread 0x000002ec6d7fc510 Exception <a 'java/lang/NoSuchMethodError'{0x00000000d5742650}: 'java.lang.Object java.lang.invoke.DirectMethodHandle$Holder.invokeSpecial(java.lang.Object, java.lang.Object, java.lang.Object, java.lang.Object, long)'> (0x00000000d5742650) 
thrown [s\src\hotspot\share\interpreter\linkResolver.cpp, line 773]
Event: 25.206 Thread 0x000002ec6d7fc510 Exception <a 'java/lang/NoSuchMethodError'{0x00000000d5746270}: 'java.lang.Object java.lang.invoke.Invokers$Holder.linkToTargetMethod(java.lang.Object, java.lang.Object, long, java.lang.Object)'> (0x00000000d5746270) 
thrown [s\src\hotspot\share\interpreter\linkResolver.cpp, line 773]
Event: 25.222 Thread 0x000002ec6d7fc510 Exception <a 'java/lang/NoSuchMethodError'{0x00000000d579e6c8}: 'int java.lang.invoke.DirectMethodHandle$Holder.invokeStaticInit(java.lang.Object, java.lang.Object, java.lang.Object)'> (0x00000000d579e6c8) 
thrown [s\src\hotspot\share\interpreter\linkResolver.cpp, line 773]
Event: 25.241 Thread 0x000002ec6d7fc510 Exception <a 'java/lang/IncompatibleClassChangeError'{0x00000000d5841a30}: Found class java.lang.Object, but interface was expected> (0x00000000d5841a30) 
thrown [s\src\hotspot\share\interpreter\linkResolver.cpp, line 840]
Event: 25.252 Thread 0x000002ec6d7fc510 Exception <a 'java/lang/NoSuchMethodError'{0x00000000d5857ea0}: 'java.lang.Object java.lang.invoke.DirectMethodHandle$Holder.invokeSpecial(java.lang.Object, java.lang.Object, java.lang.Object, int, java.lang.Object, java.lang.Object)'> (0x00000000d5857ea0) 
thrown [s\src\hotspot\share\interpreter\linkResolver.cpp, line 773]
Event: 25.253 Thread 0x000002ec6d7fc510 Exception <a 'java/lang/NoSuchMethodError'{0x00000000d585f978}: 'java.lang.Object java.lang.invoke.DirectMethodHandle$Holder.newInvokeSpecial(java.lang.Object, java.lang.Object, java.lang.Object, int, java.lang.Object)'> (0x00000000d585f978) 
thrown [s\src\hotspot\share\interpreter\linkResolver.cpp, line 773]
Event: 25.253 Thread 0x000002ec6d7fc510 Exception <a 'java/lang/NoSuchMethodError'{0x00000000d58638f8}: 'java.lang.Object java.lang.invoke.DirectMethodHandle$Holder.invokeSpecial(java.lang.Object, java.lang.Object, java.lang.Object, java.lang.Object, int, java.lang.Object)'> (0x00000000d58638f8) 
thrown [s\src\hotspot\share\interpreter\linkResolver.cpp, line 773]
Event: 25.253 Thread 0x000002ec6d7fc510 Exception <a 'java/lang/NoSuchMethodError'{0x00000000d5867438}: 'java.lang.Object java.lang.invoke.Invokers$Holder.linkToTargetMethod(java.lang.Object, java.lang.Object, int, java.lang.Object, java.lang.Object)'> (0x00000000d5867438) 
thrown [s\src\hotspot\share\interpreter\linkResolver.cpp, line 773]
Event: 25.254 Thread 0x000002ec6e260a90 Exception <a 'java/lang/NoSuchMethodError'{0x00000000d57bd998}: 'java.lang.Object java.lang.invoke.DirectMethodHandle$Holder.invokeSpecial(java.lang.Object, java.lang.Object, int, java.lang.Object, java.lang.Object)'> (0x00000000d57bd998) 
thrown [s\src\hotspot\share\interpreter\linkResolver.cpp, line 773]
Event: 25.255 Thread 0x000002ec6e260a90 Exception <a 'java/lang/NoSuchMethodError'{0x00000000d57c46d0}: 'java.lang.Object java.lang.invoke.DirectMethodHandle$Holder.newInvokeSpecial(java.lang.Object, java.lang.Object, int, java.lang.Object)'> (0x00000000d57c46d0) 
thrown [s\src\hotspot\share\interpreter\linkResolver.cpp, line 773]
Event: 25.255 Thread 0x000002ec6e260a90 Exception <a 'java/lang/NoSuchMethodError'{0x00000000d57c7fb0}: 'java.lang.Object java.lang.invoke.DirectMethodHandle$Holder.invokeSpecial(java.lang.Object, java.lang.Object, java.lang.Object, int, java.lang.Object)'> (0x00000000d57c7fb0) 
thrown [s\src\hotspot\share\interpreter\linkResolver.cpp, line 773]
Event: 25.295 Thread 0x000002ec6d7fc510 Exception <a 'java/lang/NoSuchMethodError'{0x00000000d5985d50}: 'void java.lang.invoke.DirectMethodHandle$Holder.invokeSpecial(java.lang.Object, java.lang.Object, java.lang.Object, java.lang.Object, java.lang.Object)'> (0x00000000d5985d50) 
thrown [s\src\hotspot\share\interpreter\linkResolver.cpp, line 773]
Event: 25.390 Thread 0x000002ec6d7fc510 Exception <a 'java/lang/NoSuchMethodError'{0x00000000d5b9e0b0}: 'double java.lang.invoke.DirectMethodHandle$Holder.invokeStatic(java.lang.Object, java.lang.Object)'> (0x00000000d5b9e0b0) 
thrown [s\src\hotspot\share\interpreter\linkResolver.cpp, line 773]
Event: 25.391 Thread 0x000002ec6d7fc510 Exception <a 'java/lang/NoSuchMethodError'{0x00000000d5ba1770}: 'double java.lang.invoke.DirectMethodHandle$Holder.invokeStaticInit(java.lang.Object, java.lang.Object)'> (0x00000000d5ba1770) 
thrown [s\src\hotspot\share\interpreter\linkResolver.cpp, line 773]

ZGC Phase Switch (0 events):
No events

VM Operations (20 events):
Event: 22.086 Executing VM operation: HandshakeAllThreads (Deoptimize) done
Event: 22.421 Executing VM operation: ParallelGCFailedAllocation (Allocation Failure)
Event: 22.427 Executing VM operation: ParallelGCFailedAllocation (Allocation Failure) done
Event: 22.559 Executing VM operation: HandshakeAllThreads (Deoptimize)
Event: 22.559 Executing VM operation: HandshakeAllThreads (Deoptimize) done
Event: 22.568 Executing VM operation: HandshakeAllThreads (Deoptimize)
Event: 22.569 Executing VM operation: HandshakeAllThreads (Deoptimize) done
Event: 22.602 Executing VM operation: HandshakeAllThreads (Deoptimize)
Event: 22.602 Executing VM operation: HandshakeAllThreads (Deoptimize) done
Event: 23.603 Executing VM operation: Cleanup
Event: 23.603 Executing VM operation: Cleanup done
Event: 24.614 Executing VM operation: Cleanup
Event: 24.614 Executing VM operation: Cleanup done
Event: 25.079 Executing VM operation: HandshakeAllThreads (Deoptimize)
Event: 25.079 Executing VM operation: HandshakeAllThreads (Deoptimize) done
Event: 25.133 Executing VM operation: ParallelGCFailedAllocation (Allocation Failure)
Event: 25.145 Executing VM operation: ParallelGCFailedAllocation (Allocation Failure) done
Event: 26.147 Executing VM operation: Cleanup
Event: 26.472 Executing VM operation: Cleanup done
Event: 27.486 Executing VM operation: Cleanup

Memory protections (0 events):
No events

Nmethod flushes (0 events):
No events

Events (20 events):
Event: 3.919 Thread 0x000002ec6d367830 Thread exited: 0x000002ec6d367830
Event: 4.290 Thread 0x000002ec265be7a0 Thread added: 0x000002ec6d789030
Event: 4.705 Thread 0x000002ec6d789030 Thread exited: 0x000002ec6d789030
Event: 4.735 Thread 0x000002ec0fb2ce20 Thread added: 0x000002ec6d789030
Event: 4.933 Thread 0x000002ec265be7a0 Thread added: 0x000002ec6da48350
Event: 5.321 Thread 0x000002ec6da48350 Thread exited: 0x000002ec6da48350
Event: 17.218 Thread 0x000002ec0fb2ce20 Thread added: 0x000002ec6d9d4440
Event: 17.226 Thread 0x000002ec0fb2ce20 Thread added: 0x000002ec6d7fc510
Event: 17.627 Thread 0x000002ec6d7fc510 Thread added: 0x000002ec6d18fe60
Event: 19.919 Thread 0x000002ec265be7a0 Thread added: 0x000002ec6da46ee0
Event: 21.266 Thread 0x000002ec265be7a0 Thread added: 0x000002ec6da45a70
Event: 21.489 Thread 0x000002ec6da45a70 Thread exited: 0x000002ec6da45a70
Event: 21.625 Thread 0x000002ec6da46ee0 Thread exited: 0x000002ec6da46ee0
Event: 22.165 Thread 0x000002ec6d7fc510 Thread added: 0x000002ec6ded50e0
Event: 22.630 Thread 0x000002ec265be7a0 Thread added: 0x000002ec6d698fc0
Event: 24.666 Thread 0x000002ec6d698fc0 Thread exited: 0x000002ec6d698fc0
Event: 25.130 Thread 0x000002ec6d7fc510 Thread added: 0x000002ec6e260430
Event: 25.212 Thread 0x000002ec6d7fc510 Thread added: 0x000002ec6e260a90
Event: 25.256 Thread 0x000002ec6d7fc510 Thread added: 0x000002ec6d546c70
Event: 25.436 Thread 0x000002ec265be7a0 Thread added: 0x000002ec6d2b3570


Dynamic libraries:
0x00007ff798e10000 - 0x00007ff798e1e000 	c:\Users\Admin\.vscode\extensions\redhat.java-1.50.0-win32-x64\jre\21.0.9-win32-x86_64\bin\java.exe
0x00007ff889d80000 - 0x00007ff889fe8000 	C:\WINDOWS\SYSTEM32\ntdll.dll
0x00007ff8896f0000 - 0x00007ff8897b9000 	C:\WINDOWS\System32\KERNEL32.DLL
0x00007ff886f60000 - 0x00007ff887358000 	C:\WINDOWS\System32\KERNELBASE.dll
0x00007ff887820000 - 0x00007ff88796b000 	C:\WINDOWS\System32\ucrtbase.dll
0x00007ff84fdf0000 - 0x00007ff84fe0e000 	c:\Users\Admin\.vscode\extensions\redhat.java-1.50.0-win32-x64\jre\21.0.9-win32-x86_64\bin\VCRUNTIME140.dll
0x00007ff84ce70000 - 0x00007ff84ce88000 	c:\Users\Admin\.vscode\extensions\redhat.java-1.50.0-win32-x64\jre\21.0.9-win32-x86_64\bin\jli.dll
0x00007ff889140000 - 0x00007ff889307000 	C:\WINDOWS\System32\USER32.dll
0x00007ff887af0000 - 0x00007ff887b17000 	C:\WINDOWS\System32\win32u.dll
0x00007ff888900000 - 0x00007ff88892b000 	C:\WINDOWS\System32\GDI32.dll
0x00007ff887410000 - 0x00007ff88753c000 	C:\WINDOWS\System32\gdi32full.dll
0x00007ff887540000 - 0x00007ff8875e3000 	C:\WINDOWS\System32\msvcp_win.dll
0x00007ff86afa0000 - 0x00007ff86b234000 	C:\WINDOWS\WinSxS\amd64_microsoft.windows.common-controls_6595b64144ccf1df_6.0.26100.7019_none_3e06ffa0e335b8a8\COMCTL32.dll
0x00007ff889060000 - 0x00007ff889109000 	C:\WINDOWS\System32\msvcrt.dll
0x00007ff8896a0000 - 0x00007ff8896d1000 	C:\WINDOWS\System32\IMM32.DLL
0x00007ff8644a0000 - 0x00007ff8644ac000 	c:\Users\Admin\.vscode\extensions\redhat.java-1.50.0-win32-x64\jre\21.0.9-win32-x86_64\bin\vcruntime140_1.dll
0x00007ff848e70000 - 0x00007ff848efd000 	c:\Users\Admin\.vscode\extensions\redhat.java-1.50.0-win32-x64\jre\21.0.9-win32-x86_64\bin\msvcp140.dll
0x00007ff8007a0000 - 0x00007ff801540000 	c:\Users\Admin\.vscode\extensions\redhat.java-1.50.0-win32-x64\jre\21.0.9-win32-x86_64\bin\server\jvm.dll
0x00007ff889960000 - 0x00007ff889a14000 	C:\WINDOWS\System32\ADVAPI32.dll
0x00007ff889bb0000 - 0x00007ff889c56000 	C:\WINDOWS\System32\sechost.dll
0x00007ff889480000 - 0x00007ff889598000 	C:\WINDOWS\System32\RPCRT4.dll
0x00007ff888290000 - 0x00007ff888304000 	C:\WINDOWS\System32\WS2_32.dll
0x00007ff886d50000 - 0x00007ff886dae000 	C:\WINDOWS\SYSTEM32\POWRPROF.dll
0x00007ff87f0a0000 - 0x00007ff87f0d5000 	C:\WINDOWS\SYSTEM32\WINMM.dll
0x00007ff8810e0000 - 0x00007ff8810eb000 	C:\WINDOWS\SYSTEM32\VERSION.dll
0x00007ff886d30000 - 0x00007ff886d44000 	C:\WINDOWS\SYSTEM32\UMPDC.dll
0x00007ff885c90000 - 0x00007ff885cab000 	C:\WINDOWS\SYSTEM32\kernel.appcore.dll
0x00007ff863f90000 - 0x00007ff863f9a000 	c:\Users\Admin\.vscode\extensions\redhat.java-1.50.0-win32-x64\jre\21.0.9-win32-x86_64\bin\jimage.dll
0x00007ff864000000 - 0x00007ff864242000 	C:\WINDOWS\SYSTEM32\DBGHELP.DLL
0x00007ff888570000 - 0x00007ff8888fb000 	C:\WINDOWS\System32\combase.dll
0x00007ff888f10000 - 0x00007ff888fe7000 	C:\WINDOWS\System32\OLEAUT32.dll
0x00007ff8798b0000 - 0x00007ff8798ec000 	C:\WINDOWS\SYSTEM32\dbgcore.DLL
0x00007ff887360000 - 0x00007ff887405000 	C:\WINDOWS\System32\bcryptPrimitives.dll
0x00007ff863ee0000 - 0x00007ff863eef000 	c:\Users\Admin\.vscode\extensions\redhat.java-1.50.0-win32-x64\jre\21.0.9-win32-x86_64\bin\instrument.dll
0x00007ff849c70000 - 0x00007ff849c90000 	c:\Users\Admin\.vscode\extensions\redhat.java-1.50.0-win32-x64\jre\21.0.9-win32-x86_64\bin\java.dll
0x00007ff887b30000 - 0x00007ff88827f000 	C:\WINDOWS\System32\SHELL32.dll
0x00007ff8875f0000 - 0x00007ff88775b000 	C:\WINDOWS\System32\wintypes.dll
0x00007ff884b30000 - 0x00007ff88538d000 	C:\WINDOWS\SYSTEM32\windows.storage.dll
0x00007ff889a20000 - 0x00007ff889b12000 	C:\WINDOWS\System32\SHCORE.dll
0x00007ff888ff0000 - 0x00007ff889057000 	C:\WINDOWS\System32\shlwapi.dll
0x00007ff886df0000 - 0x00007ff886e19000 	C:\WINDOWS\SYSTEM32\profapi.dll
0x00007ff849c30000 - 0x00007ff849c48000 	c:\Users\Admin\.vscode\extensions\redhat.java-1.50.0-win32-x64\jre\21.0.9-win32-x86_64\bin\zip.dll
0x00007ff861bc0000 - 0x00007ff861bd0000 	C:\Users\Admin\.vscode\extensions\redhat.java-1.50.0-win32-x64\jre\21.0.9-win32-x86_64\bin\net.dll
0x00007ff880330000 - 0x00007ff880458000 	C:\WINDOWS\SYSTEM32\WINHTTP.dll
0x00007ff886200000 - 0x00007ff88626b000 	C:\WINDOWS\system32\mswsock.dll
0x00007ff849c10000 - 0x00007ff849c26000 	C:\Users\Admin\.vscode\extensions\redhat.java-1.50.0-win32-x64\jre\21.0.9-win32-x86_64\bin\nio.dll
0x00007ff8617d0000 - 0x00007ff8617e0000 	c:\Users\Admin\.vscode\extensions\redhat.java-1.50.0-win32-x64\jre\21.0.9-win32-x86_64\bin\verify.dll
0x00007ff861760000 - 0x00007ff8617a4000 	C:\Users\Admin\AppData\Roaming\Code\User\globalStorage\redhat.java\1.50.0\config_ss_win\org.eclipse.equinox.launcher\org.eclipse.equinox.launcher.win32.win32.x86_64_1.2.1400.v20250801-0854\eclipse_11916.dll
0x00007ff8897c0000 - 0x00007ff889957000 	C:\WINDOWS\System32\ole32.dll
0x00007ff8864c0000 - 0x00007ff8864db000 	C:\WINDOWS\SYSTEM32\CRYPTSP.dll
0x00007ff885bf0000 - 0x00007ff885c2a000 	C:\WINDOWS\system32\rsaenh.dll
0x00007ff8862b0000 - 0x00007ff8862db000 	C:\WINDOWS\SYSTEM32\USERENV.dll
0x00007ff886dc0000 - 0x00007ff886dea000 	C:\WINDOWS\SYSTEM32\bcrypt.dll
0x00007ff8864e0000 - 0x00007ff8864ec000 	C:\WINDOWS\SYSTEM32\CRYPTBASE.dll
0x00007ff8856a0000 - 0x00007ff8856d4000 	C:\WINDOWS\SYSTEM32\IPHLPAPI.DLL
0x00007ff888ee0000 - 0x00007ff888eea000 	C:\WINDOWS\System32\NSI.dll
0x00007ff845570000 - 0x00007ff8455b9000 	C:\Users\Admin\AppData\Local\Temp\jna-63116079\jna6471568945257699854.dll
0x00007ff8896e0000 - 0x00007ff8896e8000 	C:\WINDOWS\System32\PSAPI.DLL

JVMTI agents:
c:\Users\Admin\.vscode\extensions\redhat.java-1.50.0-win32-x64\lombok\lombok-1.18.39-4050.jar path:c:\Users\Admin\.vscode\extensions\redhat.java-1.50.0-win32-x64\jre\21.0.9-win32-x86_64\bin\instrument.dll, loaded, initialized, instrumentlib options:none

dbghelp: loaded successfully - version: 4.0.5 - missing functions: none
symbol engine: initialized successfully - sym options: 0x614 - pdb path: .;c:\Users\Admin\.vscode\extensions\redhat.java-1.50.0-win32-x64\jre\21.0.9-win32-x86_64\bin;C:\WINDOWS\SYSTEM32;C:\WINDOWS\WinSxS\amd64_microsoft.windows.common-controls_6595b64144ccf1df_6.0.26100.7019_none_3e06ffa0e335b8a8;c:\Users\Admin\.vscode\extensions\redhat.java-1.50.0-win32-x64\jre\21.0.9-win32-x86_64\bin\server;C:\Users\Admin\AppData\Roaming\Code\User\globalStorage\redhat.java\1.50.0\config_ss_win\org.eclipse.equinox.launcher\org.eclipse.equinox.launcher.win32.win32.x86_64_1.2.1400.v20250801-0854;C:\Users\Admin\AppData\Local\Temp\jna-63116079

VM Arguments:
jvm_args: --add-modules=ALL-SYSTEM --add-opens=java.base/java.util=ALL-UNNAMED --add-opens=java.base/java.lang=ALL-UNNAMED --add-opens=java.base/sun.nio.fs=ALL-UNNAMED -Declipse.application=org.eclipse.jdt.ls.core.id1 -Dosgi.bundles.defaultStartLevel=4 -Declipse.product=org.eclipse.jdt.ls.core.product -Djava.import.generatesMetadataFilesAtProjectRoot=false -DDetectVMInstallationsJob.disabled=true -Dfile.encoding=utf8 -XX:+UseParallelGC -XX:GCTimeRatio=4 -XX:AdaptiveSizePolicyWeight=90 -Dsun.zip.disableMemoryMapping=true -Xmx2G -Xms100m -Xlog:disable -javaagent:c:\Users\Admin\.vscode\extensions\redhat.java-1.50.0-win32-x64\lombok\lombok-1.18.39-4050.jar 
java_command: c:\Users\Admin\.vscode\extensions\redhat.java-1.50.0-win32-x64\server\plugins\org.eclipse.equinox.launcher_1.7.100.v20251111-0406.jar -configuration c:\Users\Admin\AppData\Roaming\Code\User\globalStorage\redhat.java\1.50.0\config_ss_win -data c:\Users\Admin\AppData\Roaming\Code\User\workspaceStorage\1d2c6281cdc3dfe27a58eb4e9d1d3d2b\redhat.java\ss_ws --pipe=\\.\pipe\lsp-e0ec2af521fac9692c687373a98d1158-sock
java_class_path (initial): c:\Users\Admin\.vscode\extensions\redhat.java-1.50.0-win32-x64\server\plugins\org.eclipse.equinox.launcher_1.7.100.v20251111-0406.jar
Launcher Type: SUN_STANDARD

[Global flags]
    uintx AdaptiveSizePolicyWeight                 = 90                                        {product} {command line}
     intx CICompilerCount                          = 4                                         {product} {ergonomic}
    uintx GCTimeRatio                              = 4                                         {product} {command line}
   size_t InitialHeapSize                          = 104857600                                 {product} {command line}
   size_t MaxHeapSize                              = 2147483648                                {product} {command line}
   size_t MaxNewSize                               = 715653120                                 {product} {ergonomic}
   size_t MinHeapDeltaBytes                        = 524288                                    {product} {ergonomic}
   size_t MinHeapSize                              = 104857600                                 {product} {command line}
   size_t NewSize                                  = 34603008                                  {product} {ergonomic}
    uintx NonNMethodCodeHeapSize                   = 5839372                                {pd product} {ergonomic}
    uintx NonProfiledCodeHeapSize                  = 122909434                              {pd product} {ergonomic}
   size_t OldSize                                  = 70254592                                  {product} {ergonomic}
    uintx ProfiledCodeHeapSize                     = 122909434                              {pd product} {ergonomic}
    uintx ReservedCodeCacheSize                    = 251658240                              {pd product} {ergonomic}
     bool SegmentedCodeCache                       = true                                      {product} {ergonomic}
   size_t SoftMaxHeapSize                          = 2147483648                             {manageable} {ergonomic}
     bool UseCompressedOops                        = true                           {product lp64_product} {ergonomic}
     bool UseLargePagesIndividualAllocation        = false                                  {pd product} {ergonomic}
     bool UseParallelGC                            = true                                      {product} {command line}

Logging:
Log output configuration:
 #0: stdout all=off uptime,level,tags foldmultilines=false
 #1: stderr all=off uptime,level,tags foldmultilines=false

Release file:
JAVA_VERSION="21.0.9" 
MODULES="java.base java.compiler java.datatransfer java.xml java.prefs java.desktop java.instrument java.logging java.management java.security.sasl java.naming java.rmi java.management.rmi java.net.http java.scripting java.security.jgss java.transaction.xa java.sql java.sql.rowset java.xml.crypto java.se java.smartcardio jdk.accessibility jdk.internal.jvmstat jdk.attach jdk.charsets jdk.internal.opt jdk.zipfs jdk.compiler jdk.crypto.ec jdk.crypto.cryptoki jdk.crypto.mscapi jdk.dynalink jdk.internal.ed jdk.editpad jdk.hotspot.agent jdk.httpserver jdk.internal.le jdk.internal.vm.ci jdk.internal.vm.compiler jdk.internal.vm.compiler.management jdk.jartool jdk.javadoc jdk.jcmd jdk.management jdk.management.agent jdk.jconsole jdk.jdeps jdk.jdwp.agent jdk.jdi jdk.jfr jdk.jshell jdk.jsobject jdk.jstatd jdk.localedata jdk.management.jfr jdk.naming.dns jdk.naming.rmi jdk.net jdk.nio.mapmode jdk.random jdk.sctp jdk.security.auth jdk.security.jgss jdk.unsupported jdk.unsupported.desktop jdk.xml.dom" 

Environment Variables:
JAVA_HOME=C:\Program Files\Java\jdk-17
PATH=C:\Program Files\Java\jdk-17\bin;C:\WINDOWS\system32;C:\WINDOWS;C:\WINDOWS\System32\Wbem;C:\WINDOWS\System32\WindowsPowerShell\v1.0\;C:\WINDOWS\System32\OpenSSH\;C:\ProgramData\chocolatey\bin;C:\Program Files\PostgreSQL\17\bin;C:\Program Files\Git\bin;C:\Program Files\MySQL\MySQL Router 8.0\bin;C:\Program Files\nvm;C:\nvm4w\nodejs;C:\Program Files\nodejs\;C:\Program Files\Apache-Maven\apache-maven-3.9.9\bin;C:\WINDOWS\system32;C:\WINDOWS;C:\WINDOWS\System32\Wbem;C:\WINDOWS\System32\WindowsPowerShell\v1.0\;C:\WINDOWS\System32\OpenSSH\;D:\SOFTWARE\Neo Browser\cursor\resources\app\bin;C:\Program Files\MySQL\MySQL Server 8.0\bin;C:\Program Files\MySQL\MySQL Shell 8.0\bin\;C:\Users\Admin\AppData\Local\Programs\Python\Python312\Scripts\;C:\Users\Admin\AppData\Local\Programs\Python\Python312\;C:\Users\Admin\AppData\Local\Microsoft\WindowsApps;C:\Users\Admin\AppData\Local\Programs\Microsoft VS Code\bin;C:\Users\Admin\AppData\Local\GitHubDesktop\bin;C:\ProgramData\Admin\GitHubDesktop\bin;D:\Flutter\bin;C:\Program Files\nvm;C:\nvm4w\nodejs;C:\Program Files\Apache-Maven\apache-maven-3.9.9\bin;
USERNAME=Admin
OS=Windows_NT
PROCESSOR_IDENTIFIER=AMD64 Family 23 Model 24 Stepping 1, AuthenticAMD
TMP=C:\Users\Admin\AppData\Local\Temp
TEMP=C:\Users\Admin\AppData\Local\Temp




Periodic native trim disabled

---------------  S Y S T E M  ---------------

OS:
 Windows 11 , 64 bit Build 26100 (10.0.26100.7019)
OS uptime: 0 days 19:48 hours

CPU: total 8 (initial active 8) (8 cores per cpu, 2 threads per core) family 23 model 24 stepping 1 microcode 0x8108109, cx8, cmov, fxsr, ht, mmx, 3dnowpref, sse, sse2, sse3, ssse3, sse4a, sse4.1, sse4.2, popcnt, lzcnt, tsc, tscinvbit, avx, avx2, aes, clmul, bmi1, bmi2, adx, sha, fma, vzeroupper, clflush, clflushopt, rdtscp, f16c
Processor Information for the first 8 processors :
  Max Mhz: 2100, Current Mhz: 2100, Mhz Limit: 2100

Memory: 4k page, system-wide physical 6086M (409M free)
TotalPageFile size 24518M (AvailPageFile size 92M)
current process WorkingSet (physical memory assigned to process): 135M, peak: 135M
current process commit charge ("private bytes"): 268M, peak: 270M

vm_info: OpenJDK 64-Bit Server VM (21.0.9+10-LTS) for windows-amd64 JRE (21.0.9+10-LTS), built on 2025-10-21T00:00:00Z by "admin" with unknown MS VC++:1942

END.
